<?xml version="1.0" encoding="UTF-8"?>
<!-- Generated by org.testng.reporters.JUnitXMLReporter -->
<testsuite hostname="Suhasa-PC" ignored="0" name="Test" tests="8" failures="1" timestamp="03 Jul 2019 16:00:19 GMT" time="0.16" errors="0">
  <testcase name="@BeforeMethod launchBrowser" time="0.059" classname="week5.YahooLoginPage">
    <failure type="java.lang.IllegalStateException" message="The path to the driver executable must be set by the webdriver.chrome.driver system property; for more information, see https://github.com/SeleniumHQ/selenium/wiki/ChromeDriver. The latest version can be downloaded from http://chromedriver.storage.googleapis.com/index.html">
      <![CDATA[java.lang.IllegalStateException: The path to the driver executable must be set by the webdriver.chrome.driver system property; for more information, see https://github.com/SeleniumHQ/selenium/wiki/ChromeDriver. The latest version can be downloaded from http://chromedriver.storage.googleapis.com/index.html
at com.google.common.base.Preconditions.checkState(Preconditions.java:847)
at org.openqa.selenium.remote.service.DriverService.findExecutable(DriverService.java:134)
at org.openqa.selenium.chrome.ChromeDriverService.access$000(ChromeDriverService.java:35)
at org.openqa.selenium.chrome.ChromeDriverService$Builder.findDefaultExecutable(ChromeDriverService.java:159)
at org.openqa.selenium.remote.service.DriverService$Builder.build(DriverService.java:355)
at org.openqa.selenium.chrome.ChromeDriverService.createDefaultService(ChromeDriverService.java:94)
at org.openqa.selenium.chrome.ChromeDriver.<init>(ChromeDriver.java:123)
at week5.YahooLoginPage.launchBrowser(YahooLoginPage.java:25)
... Removed 28 stack frames]]>
    </failure>
  </testcase> <!-- @BeforeMethod launchBrowser -->
  <testcase name="@AfterMethod trunketBrowser" time="0.0" classname="week5.YahooLoginPage">
    <skipped/>
  </testcase> <!-- @AfterMethod trunketBrowser -->
  <testcase name="atest3" time="0.006" classname="week5.TestNGOrder"/>
  <testcase name="btest1" time="0.001" classname="week5.TestNGOrder"/>
  <testcase name="ctest2" time="0.002" classname="week5.TestNGOrder"/>
  <testcase name="Login" time="0.001" classname="week5.Priorities"/>
  <testcase name="Home" time="0.003" classname="week5.Priorities"/>
  <testcase name="LogOut" time="0.002" classname="week5.Priorities"/>
  <testcase name="TC_001_verifyEvenNumber" time="0.006" classname="week5.TestNG">
    <failure type="java.lang.AssertionError" message="verify it is even number expected [true] but found [false]">
      <![CDATA[java.lang.AssertionError: verify it is even number expected [true] but found [false]
at week5.TestNG.TC_001_verifyEvenNumber(TestNG.java:11)
... Removed 28 stack frames]]>
    </failure>
  </testcase> <!-- TC_001_verifyEvenNumber -->
  <testcase name="verifyLoginWithInvalidMailID" time="0.0" classname="week5.YahooLoginPage">
    <skipped/>
  </testcase> <!-- verifyLoginWithInvalidMailID -->
</testsuite> <!-- Test -->
