<?xml version="1.0" encoding="UTF-8"?>
<testng-results skipped="1" failed="1" ignored="0" total="8" passed="6">
  <reporter-output>
  </reporter-output>
  <suite name="Suite" duration-ms="160" started-at="2019-07-03T16:00:18Z" finished-at="2019-07-03T16:00:19Z">
    <groups>
    </groups>
    <test name="Test" duration-ms="160" started-at="2019-07-03T16:00:18Z" finished-at="2019-07-03T16:00:19Z">
      <class name="week5.YahooLoginPage">
        <test-method status="FAIL" signature="launchBrowser()[pri:0, instance:week5.YahooLoginPage@675d3402]" name="launchBrowser" is-config="true" duration-ms="59" started-at="2019-07-03T16:00:19Z" finished-at="2019-07-03T16:00:19Z">
          <exception class="java.lang.IllegalStateException">
            <message>
              <![CDATA[The path to the driver executable must be set by the webdriver.chrome.driver system property; for more information, see https://github.com/SeleniumHQ/selenium/wiki/ChromeDriver. The latest version can be downloaded from http://chromedriver.storage.googleapis.com/index.html]]>
            </message>
            <full-stacktrace>
              <![CDATA[java.lang.IllegalStateException: The path to the driver executable must be set by the webdriver.chrome.driver system property; for more information, see https://github.com/SeleniumHQ/selenium/wiki/ChromeDriver. The latest version can be downloaded from http://chromedriver.storage.googleapis.com/index.html
at com.google.common.base.Preconditions.checkState(Preconditions.java:847)
at org.openqa.selenium.remote.service.DriverService.findExecutable(DriverService.java:134)
at org.openqa.selenium.chrome.ChromeDriverService.access$000(ChromeDriverService.java:35)
at org.openqa.selenium.chrome.ChromeDriverService$Builder.findDefaultExecutable(ChromeDriverService.java:159)
at org.openqa.selenium.remote.service.DriverService$Builder.build(DriverService.java:355)
at org.openqa.selenium.chrome.ChromeDriverService.createDefaultService(ChromeDriverService.java:94)
at org.openqa.selenium.chrome.ChromeDriver.<init>(ChromeDriver.java:123)
at week5.YahooLoginPage.launchBrowser(YahooLoginPage.java:25)
at sun.reflect.NativeMethodAccessorImpl.invoke0(Native Method)
at sun.reflect.NativeMethodAccessorImpl.invoke(Unknown Source)
at sun.reflect.DelegatingMethodAccessorImpl.invoke(Unknown Source)
at java.lang.reflect.Method.invoke(Unknown Source)
at org.testng.internal.MethodInvocationHelper.invokeMethod(MethodInvocationHelper.java:124)
at org.testng.internal.MethodInvocationHelper.invokeMethodConsideringTimeout(MethodInvocationHelper.java:59)
at org.testng.internal.Invoker.invokeConfigurationMethod(Invoker.java:458)
at org.testng.internal.Invoker.invokeConfigurations(Invoker.java:222)
at org.testng.internal.Invoker.invokeMethod(Invoker.java:523)
at org.testng.internal.Invoker.invokeTestMethod(Invoker.java:719)
at org.testng.internal.Invoker.invokeTestMethods(Invoker.java:989)
at org.testng.internal.TestMethodWorker.invokeTestMethods(TestMethodWorker.java:125)
at org.testng.internal.TestMethodWorker.run(TestMethodWorker.java:109)
at org.testng.TestRunner.privateRun(TestRunner.java:648)
at org.testng.TestRunner.run(TestRunner.java:505)
at org.testng.SuiteRunner.runTest(SuiteRunner.java:455)
at org.testng.SuiteRunner.runSequentially(SuiteRunner.java:450)
at org.testng.SuiteRunner.privateRun(SuiteRunner.java:415)
at org.testng.SuiteRunner.run(SuiteRunner.java:364)
at org.testng.SuiteRunnerWorker.runSuite(SuiteRunnerWorker.java:52)
at org.testng.SuiteRunnerWorker.run(SuiteRunnerWorker.java:84)
at org.testng.TestNG.runSuitesSequentially(TestNG.java:1208)
at org.testng.TestNG.runSuitesLocally(TestNG.java:1137)
at org.testng.TestNG.runSuites(TestNG.java:1049)
at org.testng.TestNG.run(TestNG.java:1017)
at org.testng.remote.AbstractRemoteTestNG.run(AbstractRemoteTestNG.java:115)
at org.testng.remote.RemoteTestNG.initAndRun(RemoteTestNG.java:251)
at org.testng.remote.RemoteTestNG.main(RemoteTestNG.java:77)
]]>
            </full-stacktrace>
          </exception> <!-- java.lang.IllegalStateException -->
          <reporter-output>
          </reporter-output>
        </test-method> <!-- launchBrowser -->
        <test-method status="SKIP" signature="verifyLoginWithInvalidMailID()[pri:0, instance:week5.YahooLoginPage@675d3402]" name="verifyLoginWithInvalidMailID" duration-ms="0" started-at="2019-07-03T16:00:19Z" finished-at="2019-07-03T16:00:19Z">
          <exception class="java.lang.IllegalStateException">
            <message>
              <![CDATA[The path to the driver executable must be set by the webdriver.chrome.driver system property; for more information, see https://github.com/SeleniumHQ/selenium/wiki/ChromeDriver. The latest version can be downloaded from http://chromedriver.storage.googleapis.com/index.html]]>
            </message>
            <full-stacktrace>
              <![CDATA[java.lang.IllegalStateException: The path to the driver executable must be set by the webdriver.chrome.driver system property; for more information, see https://github.com/SeleniumHQ/selenium/wiki/ChromeDriver. The latest version can be downloaded from http://chromedriver.storage.googleapis.com/index.html
at com.google.common.base.Preconditions.checkState(Preconditions.java:847)
at org.openqa.selenium.remote.service.DriverService.findExecutable(DriverService.java:134)
at org.openqa.selenium.chrome.ChromeDriverService.access$000(ChromeDriverService.java:35)
at org.openqa.selenium.chrome.ChromeDriverService$Builder.findDefaultExecutable(ChromeDriverService.java:159)
at org.openqa.selenium.remote.service.DriverService$Builder.build(DriverService.java:355)
at org.openqa.selenium.chrome.ChromeDriverService.createDefaultService(ChromeDriverService.java:94)
at org.openqa.selenium.chrome.ChromeDriver.<init>(ChromeDriver.java:123)
at week5.YahooLoginPage.launchBrowser(YahooLoginPage.java:25)
at sun.reflect.NativeMethodAccessorImpl.invoke0(Native Method)
at sun.reflect.NativeMethodAccessorImpl.invoke(Unknown Source)
at sun.reflect.DelegatingMethodAccessorImpl.invoke(Unknown Source)
at java.lang.reflect.Method.invoke(Unknown Source)
at org.testng.internal.MethodInvocationHelper.invokeMethod(MethodInvocationHelper.java:124)
at org.testng.internal.MethodInvocationHelper.invokeMethodConsideringTimeout(MethodInvocationHelper.java:59)
at org.testng.internal.Invoker.invokeConfigurationMethod(Invoker.java:458)
at org.testng.internal.Invoker.invokeConfigurations(Invoker.java:222)
at org.testng.internal.Invoker.invokeMethod(Invoker.java:523)
at org.testng.internal.Invoker.invokeTestMethod(Invoker.java:719)
at org.testng.internal.Invoker.invokeTestMethods(Invoker.java:989)
at org.testng.internal.TestMethodWorker.invokeTestMethods(TestMethodWorker.java:125)
at org.testng.internal.TestMethodWorker.run(TestMethodWorker.java:109)
at org.testng.TestRunner.privateRun(TestRunner.java:648)
at org.testng.TestRunner.run(TestRunner.java:505)
at org.testng.SuiteRunner.runTest(SuiteRunner.java:455)
at org.testng.SuiteRunner.runSequentially(SuiteRunner.java:450)
at org.testng.SuiteRunner.privateRun(SuiteRunner.java:415)
at org.testng.SuiteRunner.run(SuiteRunner.java:364)
at org.testng.SuiteRunnerWorker.runSuite(SuiteRunnerWorker.java:52)
at org.testng.SuiteRunnerWorker.run(SuiteRunnerWorker.java:84)
at org.testng.TestNG.runSuitesSequentially(TestNG.java:1208)
at org.testng.TestNG.runSuitesLocally(TestNG.java:1137)
at org.testng.TestNG.runSuites(TestNG.java:1049)
at org.testng.TestNG.run(TestNG.java:1017)
at org.testng.remote.AbstractRemoteTestNG.run(AbstractRemoteTestNG.java:115)
at org.testng.remote.RemoteTestNG.initAndRun(RemoteTestNG.java:251)
at org.testng.remote.RemoteTestNG.main(RemoteTestNG.java:77)
]]>
            </full-stacktrace>
          </exception> <!-- java.lang.IllegalStateException -->
          <reporter-output>
          </reporter-output>
        </test-method> <!-- verifyLoginWithInvalidMailID -->
        <test-method status="SKIP" signature="trunketBrowser()[pri:0, instance:week5.YahooLoginPage@675d3402]" name="trunketBrowser" is-config="true" duration-ms="0" started-at="2019-07-03T16:00:19Z" finished-at="2019-07-03T16:00:19Z">
          <reporter-output>
          </reporter-output>
        </test-method> <!-- trunketBrowser -->
      </class> <!-- week5.YahooLoginPage -->
      <class name="week5.TestNG">
        <test-method status="FAIL" signature="TC_001_verifyEvenNumber()[pri:0, instance:week5.TestNG@28feb3fa]" name="TC_001_verifyEvenNumber" duration-ms="6" started-at="2019-07-03T16:00:19Z" finished-at="2019-07-03T16:00:19Z">
          <exception class="java.lang.AssertionError">
            <message>
              <![CDATA[verify it is even number expected [true] but found [false]]]>
            </message>
            <full-stacktrace>
              <![CDATA[java.lang.AssertionError: verify it is even number expected [true] but found [false]
at org.testng.Assert.fail(Assert.java:96)
at org.testng.Assert.failNotEquals(Assert.java:776)
at org.testng.Assert.assertTrue(Assert.java:44)
at week5.TestNG.TC_001_verifyEvenNumber(TestNG.java:11)
at sun.reflect.NativeMethodAccessorImpl.invoke0(Native Method)
at sun.reflect.NativeMethodAccessorImpl.invoke(Unknown Source)
at sun.reflect.DelegatingMethodAccessorImpl.invoke(Unknown Source)
at java.lang.reflect.Method.invoke(Unknown Source)
at org.testng.internal.MethodInvocationHelper.invokeMethod(MethodInvocationHelper.java:124)
at org.testng.internal.Invoker.invokeMethod(Invoker.java:583)
at org.testng.internal.Invoker.invokeTestMethod(Invoker.java:719)
at org.testng.internal.Invoker.invokeTestMethods(Invoker.java:989)
at org.testng.internal.TestMethodWorker.invokeTestMethods(TestMethodWorker.java:125)
at org.testng.internal.TestMethodWorker.run(TestMethodWorker.java:109)
at org.testng.TestRunner.privateRun(TestRunner.java:648)
at org.testng.TestRunner.run(TestRunner.java:505)
at org.testng.SuiteRunner.runTest(SuiteRunner.java:455)
at org.testng.SuiteRunner.runSequentially(SuiteRunner.java:450)
at org.testng.SuiteRunner.privateRun(SuiteRunner.java:415)
at org.testng.SuiteRunner.run(SuiteRunner.java:364)
at org.testng.SuiteRunnerWorker.runSuite(SuiteRunnerWorker.java:52)
at org.testng.SuiteRunnerWorker.run(SuiteRunnerWorker.java:84)
at org.testng.TestNG.runSuitesSequentially(TestNG.java:1208)
at org.testng.TestNG.runSuitesLocally(TestNG.java:1137)
at org.testng.TestNG.runSuites(TestNG.java:1049)
at org.testng.TestNG.run(TestNG.java:1017)
at org.testng.remote.AbstractRemoteTestNG.run(AbstractRemoteTestNG.java:115)
at org.testng.remote.RemoteTestNG.initAndRun(RemoteTestNG.java:251)
at org.testng.remote.RemoteTestNG.main(RemoteTestNG.java:77)
]]>
            </full-stacktrace>
          </exception> <!-- java.lang.AssertionError -->
          <reporter-output>
          </reporter-output>
        </test-method> <!-- TC_001_verifyEvenNumber -->
      </class> <!-- week5.TestNG -->
      <class name="week5.Priorities">
        <test-method status="PASS" signature="Login()[pri:0, instance:week5.Priorities@68be2bc2]" name="Login" duration-ms="1" started-at="2019-07-03T16:00:19Z" finished-at="2019-07-03T16:00:19Z">
          <reporter-output>
          </reporter-output>
        </test-method> <!-- Login -->
        <test-method status="PASS" signature="Home()[pri:0, instance:week5.Priorities@68be2bc2]" name="Home" duration-ms="3" started-at="2019-07-03T16:00:19Z" depends-on-methods="week5.Priorities.Login" finished-at="2019-07-03T16:00:19Z">
          <reporter-output>
          </reporter-output>
        </test-method> <!-- Home -->
        <test-method status="PASS" signature="LogOut()[pri:0, instance:week5.Priorities@68be2bc2]" name="LogOut" duration-ms="2" started-at="2019-07-03T16:00:19Z" depends-on-methods="week5.Priorities.Login, week5.Priorities.Home" finished-at="2019-07-03T16:00:19Z">
          <reporter-output>
          </reporter-output>
        </test-method> <!-- LogOut -->
      </class> <!-- week5.Priorities -->
      <class name="week5.TestNGOrder">
        <test-method status="PASS" signature="beforeClass()[pri:0, instance:week5.TestNGOrder@20e2cbe0]" name="beforeClass" is-config="true" duration-ms="10" started-at="2019-07-03T16:00:18Z" finished-at="2019-07-03T16:00:18Z">
          <reporter-output>
          </reporter-output>
        </test-method> <!-- beforeClass -->
        <test-method status="PASS" signature="beforeMethod()[pri:0, instance:week5.TestNGOrder@20e2cbe0]" name="beforeMethod" is-config="true" duration-ms="1" started-at="2019-07-03T16:00:19Z" finished-at="2019-07-03T16:00:19Z">
          <reporter-output>
          </reporter-output>
        </test-method> <!-- beforeMethod -->
        <test-method status="PASS" signature="atest3()[pri:0, instance:week5.TestNGOrder@20e2cbe0]" name="atest3" duration-ms="6" started-at="2019-07-03T16:00:19Z" finished-at="2019-07-03T16:00:19Z">
          <reporter-output>
          </reporter-output>
        </test-method> <!-- atest3 -->
        <test-method status="PASS" signature="afterMethod()[pri:0, instance:week5.TestNGOrder@20e2cbe0]" name="afterMethod" is-config="true" duration-ms="1" started-at="2019-07-03T16:00:19Z" finished-at="2019-07-03T16:00:19Z">
          <reporter-output>
          </reporter-output>
        </test-method> <!-- afterMethod -->
        <test-method status="PASS" signature="beforeMethod()[pri:0, instance:week5.TestNGOrder@20e2cbe0]" name="beforeMethod" is-config="true" duration-ms="3" started-at="2019-07-03T16:00:19Z" finished-at="2019-07-03T16:00:19Z">
          <reporter-output>
          </reporter-output>
        </test-method> <!-- beforeMethod -->
        <test-method status="PASS" signature="btest1()[pri:0, instance:week5.TestNGOrder@20e2cbe0]" name="btest1" duration-ms="1" started-at="2019-07-03T16:00:19Z" finished-at="2019-07-03T16:00:19Z">
          <reporter-output>
          </reporter-output>
        </test-method> <!-- btest1 -->
        <test-method status="PASS" signature="afterMethod()[pri:0, instance:week5.TestNGOrder@20e2cbe0]" name="afterMethod" is-config="true" duration-ms="1" started-at="2019-07-03T16:00:19Z" finished-at="2019-07-03T16:00:19Z">
          <reporter-output>
          </reporter-output>
        </test-method> <!-- afterMethod -->
        <test-method status="PASS" signature="beforeMethod()[pri:0, instance:week5.TestNGOrder@20e2cbe0]" name="beforeMethod" is-config="true" duration-ms="1" started-at="2019-07-03T16:00:19Z" finished-at="2019-07-03T16:00:19Z">
          <reporter-output>
          </reporter-output>
        </test-method> <!-- beforeMethod -->
        <test-method status="PASS" signature="ctest2()[pri:0, instance:week5.TestNGOrder@20e2cbe0]" name="ctest2" duration-ms="2" started-at="2019-07-03T16:00:19Z" finished-at="2019-07-03T16:00:19Z">
          <reporter-output>
          </reporter-output>
        </test-method> <!-- ctest2 -->
        <test-method status="PASS" signature="afterMethod()[pri:0, instance:week5.TestNGOrder@20e2cbe0]" name="afterMethod" is-config="true" duration-ms="1" started-at="2019-07-03T16:00:19Z" finished-at="2019-07-03T16:00:19Z">
          <reporter-output>
          </reporter-output>
        </test-method> <!-- afterMethod -->
        <test-method status="PASS" signature="afterClass()[pri:0, instance:week5.TestNGOrder@20e2cbe0]" name="afterClass" is-config="true" duration-ms="0" started-at="2019-07-03T16:00:19Z" finished-at="2019-07-03T16:00:19Z">
          <reporter-output>
          </reporter-output>
        </test-method> <!-- afterClass -->
      </class> <!-- week5.TestNGOrder -->
    </test> <!-- Test -->
  </suite> <!-- Suite -->
</testng-results>
